This file contains any messages produced by compilers while
running configure, to aid debugging if configure makes a mistake.

It was created by configure, which was
generated by GNU Autoconf 2.68.  Invocation command line was

  $ ./configure --build=i686-linux --host=arm-linux --target=arm-linux --prefix=/usr/local/minigui/cross/arm/cortex-m3 --enable-static=yes --enable-shared=no build_alias=i686-linux host_alias=arm-linux target_alias=arm-linux CC=arm-uclinuxeabi-gcc CFLAGS=-I. -I/usr/local/minigui/cross/arm/cortex-m3/include -mcpu=cortex-m3 -mthumb LDFLAGS=-L/usr/local/minigui/cross/arm/cortex-m3/lib LIBS=-L /usr/local/minigui/cross/arm/cortex-m3/lib/libminigui_ths.a /usr/local/minigui/cross/arm/cortex-m3/lib/libpng.a /usr/local/minigui/cross/arm/cortex-m3/lib/libz.a /usr/local/minigui/cross/arm/cortex-m3/lib/libjpeg.a CPP=arm-uclinuxeabi-cpp MINIGUI_CFLAGS=-I/usr/local/minigui/cross/arm/cortex-m3/include/minigui MINIGUI_LIBS=-L/usr/local/minigui/cross/arm/cortex-m3/lib --no-create --no-recursion

## --------- ##
## Platform. ##
## --------- ##

hostname = hujiafu-virtual-machine
uname -m = x86_64
uname -r = 3.2.0-90-generic
uname -s = Linux
uname -v = #128-Ubuntu SMP Fri Aug 14 21:43:58 UTC 2015

/usr/bin/uname -p = unknown
/bin/uname -X     = unknown

/bin/arch              = unknown
/usr/bin/arch -k       = unknown
/usr/convex/getsysinfo = unknown
/usr/bin/hostinfo      = unknown
/bin/machine           = unknown
/usr/bin/oslevel       = unknown
/bin/universe          = unknown

PATH: /usr/local/sbin
PATH: /usr/local/bin
PATH: /usr/sbin
PATH: /usr/bin
PATH: /sbin
PATH: /bin
PATH: /usr/games
PATH: /usr/local/arm/gcc-4.4.4-glibc-2.11.1-multilib-1.0/arm-fsl-linux-gnueabi/bin
PATH: /home/hujiafu/uclinux/git_uclinux/lpc1788_uclinux/cortexm_uclinux-master/cross_tools/arm-2010q1-uclinux/bin


## ----------- ##
## Core tests. ##
## ----------- ##

configure:2504: checking build system type
configure:2518: result: i686-pc-linux-gnu
configure:2538: checking host system type
configure:2551: result: arm-unknown-linux-gnu
configure:2571: checking target system type
configure:2584: result: arm-unknown-linux-gnu
configure:2621: checking for arm-linux-gcc
configure:2648: result: arm-uclinuxeabi-gcc
configure:2917: checking for C compiler version
configure:2926: arm-uclinuxeabi-gcc --version >&5
arm-uclinuxeabi-gcc (Sourcery G++ Lite 2010q1-189) 4.4.1
Copyright (C) 2009 Free Software Foundation, Inc.
This is free software; see the source for copying conditions.  There is NO
warranty; not even for MERCHANTABILITY or FITNESS FOR A PARTICULAR PURPOSE.

configure:2937: $? = 0
configure:2926: arm-uclinuxeabi-gcc -v >&5
Using built-in specs.
Target: arm-uclinuxeabi
Configured with: /scratch/julian/2010q1-release-uclinux-lite/src/gcc-4.4-2010q1/configure --build=i686-pc-linux-gnu --host=i686-pc-linux-gnu --target=arm-uclinuxeabi --enable-threads --disable-libmudflap --disable-libssp --disable-libstdcxx-pch --enable-extra-sgxxlite-multilibs --with-gnu-as --with-gnu-ld --with-specs='%{O2:%{!fno-remove-local-statics: -fremove-local-statics}} %{O*:%{O|O0|O1|O2|Os:;:%{!fno-remove-local-statics: -fremove-local-statics}}}' --enable-languages=c,c++ --disable-shared --disable-lto --with-pkgversion='Sourcery G++ Lite 2010q1-189' --with-bugurl=https://support.codesourcery.com/GNUToolchain/ --disable-nls --prefix=/opt/codesourcery --with-sysroot=/opt/codesourcery/arm-uclinuxeabi/libc --with-build-sysroot=/scratch/julian/2010q1-release-uclinux-lite/install/arm-uclinuxeabi/libc --with-gmp=/scratch/julian/2010q1-release-uclinux-lite/obj/host-libs-2010q1-189-arm-uclinuxeabi-i686-pc-linux-gnu/usr --with-mpfr=/scratch/julian/2010q1-release-uclinux-lite/obj/host-libs-2010q1-189-arm-uclinuxeabi-i686-pc-linux-gnu/usr --with-ppl=/scratch/julian/2010q1-release-uclinux-lite/obj/host-libs-2010q1-189-arm-uclinuxeabi-i686-pc-linux-gnu/usr --with-host-libstdcxx='-static-libgcc -Wl,-Bstatic,-lstdc++,-Bdynamic -lm' --with-cloog=/scratch/julian/2010q1-release-uclinux-lite/obj/host-libs-2010q1-189-arm-uclinuxeabi-i686-pc-linux-gnu/usr --disable-libgomp --enable-poison-system-directories --with-build-time-tools=/scratch/julian/2010q1-release-uclinux-lite/install/arm-uclinuxeabi/bin --with-build-time-tools=/scratch/julian/2010q1-release-uclinux-lite/install/arm-uclinuxeabi/bin
Thread model: single
gcc version 4.4.1 (Sourcery G++ Lite 2010q1-189) 
configure:2937: $? = 0
configure:2926: arm-uclinuxeabi-gcc -V >&5
arm-uclinuxeabi-gcc: '-V' option must have argument
configure:2937: $? = 1
configure:2926: arm-uclinuxeabi-gcc -qversion >&5
arm-uclinuxeabi-gcc: unrecognized option '-qversion'
arm-uclinuxeabi-gcc: no input files
configure:2937: $? = 1
configure:2957: checking whether the C compiler works
configure:2979: arm-uclinuxeabi-gcc -I. -I/usr/local/minigui/cross/arm/cortex-m3/include -mcpu=cortex-m3 -mthumb  -L/usr/local/minigui/cross/arm/cortex-m3/lib conftest.c -L /usr/local/minigui/cross/arm/cortex-m3/lib/libminigui_ths.a /usr/local/minigui/cross/arm/cortex-m3/lib/libpng.a /usr/local/minigui/cross/arm/cortex-m3/lib/libz.a /usr/local/minigui/cross/arm/cortex-m3/lib/libjpeg.a >&5
configure:2983: $? = 0
configure:3031: result: yes
configure:3034: checking for C compiler default output file name
configure:3036: result: a.out
configure:3042: checking for suffix of executables
configure:3049: arm-uclinuxeabi-gcc -o conftest -I. -I/usr/local/minigui/cross/arm/cortex-m3/include -mcpu=cortex-m3 -mthumb  -L/usr/local/minigui/cross/arm/cortex-m3/lib conftest.c -L /usr/local/minigui/cross/arm/cortex-m3/lib/libminigui_ths.a /usr/local/minigui/cross/arm/cortex-m3/lib/libpng.a /usr/local/minigui/cross/arm/cortex-m3/lib/libz.a /usr/local/minigui/cross/arm/cortex-m3/lib/libjpeg.a >&5
configure:3053: $? = 0
configure:3075: result: 
configure:3097: checking whether we are cross compiling
configure:3135: result: yes
configure:3140: checking for suffix of object files
configure:3162: arm-uclinuxeabi-gcc -c -I. -I/usr/local/minigui/cross/arm/cortex-m3/include -mcpu=cortex-m3 -mthumb  conftest.c >&5
configure:3166: $? = 0
configure:3187: result: o
configure:3191: checking whether we are using the GNU C compiler
configure:3210: arm-uclinuxeabi-gcc -c -I. -I/usr/local/minigui/cross/arm/cortex-m3/include -mcpu=cortex-m3 -mthumb  conftest.c >&5
configure:3210: $? = 0
configure:3219: result: yes
configure:3228: checking whether arm-uclinuxeabi-gcc accepts -g
configure:3248: arm-uclinuxeabi-gcc -c -g  conftest.c >&5
configure:3248: $? = 0
configure:3289: result: yes
configure:3306: checking for arm-uclinuxeabi-gcc option to accept ISO C89
configure:3370: arm-uclinuxeabi-gcc  -c -I. -I/usr/local/minigui/cross/arm/cortex-m3/include -mcpu=cortex-m3 -mthumb  conftest.c >&5
configure:3370: $? = 0
configure:3383: result: none needed
configure:3425: checking for ld used by GCC
configure:3488: result: /home/hujiafu/uclinux/git_uclinux/lpc1788_uclinux/cortexm_uclinux-master/cross_tools/arm-2010q1-uclinux/arm-uclinuxeabi/bin/ld
configure:3495: checking if the linker (/home/hujiafu/uclinux/git_uclinux/lpc1788_uclinux/cortexm_uclinux-master/cross_tools/arm-2010q1-uclinux/arm-uclinuxeabi/bin/ld) is GNU ld
GNU ld (Sourcery G++ Lite 2010q1-189) 2.19.51.20090709
configure:3507: result: yes
configure:3515: checking for arm-linux-ranlib
configure:3531: found /usr/local/arm/gcc-4.4.4-glibc-2.11.1-multilib-1.0/arm-fsl-linux-gnueabi/bin/arm-linux-ranlib
configure:3542: result: arm-linux-ranlib
configure:3670: checking for /home/hujiafu/uclinux/git_uclinux/lpc1788_uclinux/cortexm_uclinux-master/cross_tools/arm-2010q1-uclinux/arm-uclinuxeabi/bin/ld option to reload object files
configure:3677: result: -r
configure:3682: checking for BSD-compatible nm
configure:3718: result: /usr/local/arm/gcc-4.4.4-glibc-2.11.1-multilib-1.0/arm-fsl-linux-gnueabi/bin/arm-linux-nm -B
configure:3721: checking for a sed that does not truncate output
configure:3803: result: /bin/sed
configure:3806: checking whether ln -s works
configure:3810: result: yes
configure:3817: checking how to recognise dependent libraries
configure:3998: result: file_magic ELF [0-9][0-9]*-bit [LM]SB (shared object|dynamic lib )
configure:4011: checking command to parse /usr/local/arm/gcc-4.4.4-glibc-2.11.1-multilib-1.0/arm-fsl-linux-gnueabi/bin/arm-linux-nm -B output
configure:4095: arm-uclinuxeabi-gcc -c -I. -I/usr/local/minigui/cross/arm/cortex-m3/include -mcpu=cortex-m3 -mthumb  conftest.c >&5
configure:4098: $? = 0
configure:4102: /usr/local/arm/gcc-4.4.4-glibc-2.11.1-multilib-1.0/arm-fsl-linux-gnueabi/bin/arm-linux-nm -B conftest.o \| sed -n -e 's/^.*[ 	]\([ABCDGISTW][ABCDGISTW]*\)[ 	][ 	]*\(\)\([_A-Za-z][_A-Za-z0-9]*\)$/\1 \2\3 \3/p' \> conftest.nm
configure:4105: $? = 0
configure:4157: arm-uclinuxeabi-gcc -o conftest -I. -I/usr/local/minigui/cross/arm/cortex-m3/include -mcpu=cortex-m3 -mthumb  -L/usr/local/minigui/cross/arm/cortex-m3/lib conftest.c conftstm.o >&5
configure:4160: $? = 0
configure:4204: result: ok
configure:4213: checking how to run the C preprocessor
configure:4283: result: arm-uclinuxeabi-cpp
configure:4303: arm-uclinuxeabi-cpp  conftest.c
configure:4303: $? = 0
configure:4317: arm-uclinuxeabi-cpp  conftest.c
conftest.c:9: fatal error: ac_nonexistent.h: No such file or directory
compilation terminated.
configure:4317: $? = 1
configure: failed program was:
| /* confdefs.h */
| #define PACKAGE_NAME ""
| #define PACKAGE_TARNAME ""
| #define PACKAGE_VERSION ""
| #define PACKAGE_STRING ""
| #define PACKAGE_BUGREPORT ""
| #define PACKAGE_URL ""
| /* end confdefs.h.  */
| #include <ac_nonexistent.h>
configure:4346: checking for grep that handles long lines and -e
configure:4404: result: /bin/grep
configure:4409: checking for egrep
configure:4471: result: /bin/grep -E
configure:4476: checking for ANSI C header files
configure:4496: arm-uclinuxeabi-gcc -c -I. -I/usr/local/minigui/cross/arm/cortex-m3/include -mcpu=cortex-m3 -mthumb  conftest.c >&5
configure:4496: $? = 0
configure:4580: result: yes
configure:4593: checking for sys/types.h
configure:4593: arm-uclinuxeabi-gcc -c -I. -I/usr/local/minigui/cross/arm/cortex-m3/include -mcpu=cortex-m3 -mthumb  conftest.c >&5
configure:4593: $? = 0
configure:4593: result: yes
configure:4593: checking for sys/stat.h
configure:4593: arm-uclinuxeabi-gcc -c -I. -I/usr/local/minigui/cross/arm/cortex-m3/include -mcpu=cortex-m3 -mthumb  conftest.c >&5
configure:4593: $? = 0
configure:4593: result: yes
configure:4593: checking for stdlib.h
configure:4593: arm-uclinuxeabi-gcc -c -I. -I/usr/local/minigui/cross/arm/cortex-m3/include -mcpu=cortex-m3 -mthumb  conftest.c >&5
configure:4593: $? = 0
configure:4593: result: yes
configure:4593: checking for string.h
configure:4593: arm-uclinuxeabi-gcc -c -I. -I/usr/local/minigui/cross/arm/cortex-m3/include -mcpu=cortex-m3 -mthumb  conftest.c >&5
configure:4593: $? = 0
configure:4593: result: yes
configure:4593: checking for memory.h
configure:4593: arm-uclinuxeabi-gcc -c -I. -I/usr/local/minigui/cross/arm/cortex-m3/include -mcpu=cortex-m3 -mthumb  conftest.c >&5
configure:4593: $? = 0
configure:4593: result: yes
configure:4593: checking for strings.h
configure:4593: arm-uclinuxeabi-gcc -c -I. -I/usr/local/minigui/cross/arm/cortex-m3/include -mcpu=cortex-m3 -mthumb  conftest.c >&5
configure:4593: $? = 0
configure:4593: result: yes
configure:4593: checking for inttypes.h
configure:4593: arm-uclinuxeabi-gcc -c -I. -I/usr/local/minigui/cross/arm/cortex-m3/include -mcpu=cortex-m3 -mthumb  conftest.c >&5
configure:4593: $? = 0
configure:4593: result: yes
configure:4593: checking for stdint.h
configure:4593: arm-uclinuxeabi-gcc -c -I. -I/usr/local/minigui/cross/arm/cortex-m3/include -mcpu=cortex-m3 -mthumb  conftest.c >&5
configure:4593: $? = 0
configure:4593: result: yes
configure:4593: checking for unistd.h
configure:4593: arm-uclinuxeabi-gcc -c -I. -I/usr/local/minigui/cross/arm/cortex-m3/include -mcpu=cortex-m3 -mthumb  conftest.c >&5
configure:4593: $? = 0
configure:4593: result: yes
configure:4607: checking dlfcn.h usability
configure:4607: arm-uclinuxeabi-gcc -c -I. -I/usr/local/minigui/cross/arm/cortex-m3/include -mcpu=cortex-m3 -mthumb  conftest.c >&5
conftest.c:52: fatal error: dlfcn.h: No such file or directory
compilation terminated.
configure:4607: $? = 1
configure: failed program was:
| /* confdefs.h */
| #define PACKAGE_NAME ""
| #define PACKAGE_TARNAME ""
| #define PACKAGE_VERSION ""
| #define PACKAGE_STRING ""
| #define PACKAGE_BUGREPORT ""
| #define PACKAGE_URL ""
| #define STDC_HEADERS 1
| #define HAVE_SYS_TYPES_H 1
| #define HAVE_SYS_STAT_H 1
| #define HAVE_STDLIB_H 1
| #define HAVE_STRING_H 1
| #define HAVE_MEMORY_H 1
| #define HAVE_STRINGS_H 1
| #define HAVE_INTTYPES_H 1
| #define HAVE_STDINT_H 1
| #define HAVE_UNISTD_H 1
| /* end confdefs.h.  */
| #include <stdio.h>
| #ifdef HAVE_SYS_TYPES_H
| # include <sys/types.h>
| #endif
| #ifdef HAVE_SYS_STAT_H
| # include <sys/stat.h>
| #endif
| #ifdef STDC_HEADERS
| # include <stdlib.h>
| # include <stddef.h>
| #else
| # ifdef HAVE_STDLIB_H
| #  include <stdlib.h>
| # endif
| #endif
| #ifdef HAVE_STRING_H
| # if !defined STDC_HEADERS && defined HAVE_MEMORY_H
| #  include <memory.h>
| # endif
| # include <string.h>
| #endif
| #ifdef HAVE_STRINGS_H
| # include <strings.h>
| #endif
| #ifdef HAVE_INTTYPES_H
| # include <inttypes.h>
| #endif
| #ifdef HAVE_STDINT_H
| # include <stdint.h>
| #endif
| #ifdef HAVE_UNISTD_H
| # include <unistd.h>
| #endif
| #include <dlfcn.h>
configure:4607: result: no
configure:4607: checking dlfcn.h presence
configure:4607: arm-uclinuxeabi-cpp  conftest.c
conftest.c:19: fatal error: dlfcn.h: No such file or directory
compilation terminated.
configure:4607: $? = 1
configure: failed program was:
| /* confdefs.h */
| #define PACKAGE_NAME ""
| #define PACKAGE_TARNAME ""
| #define PACKAGE_VERSION ""
| #define PACKAGE_STRING ""
| #define PACKAGE_BUGREPORT ""
| #define PACKAGE_URL ""
| #define STDC_HEADERS 1
| #define HAVE_SYS_TYPES_H 1
| #define HAVE_SYS_STAT_H 1
| #define HAVE_STDLIB_H 1
| #define HAVE_STRING_H 1
| #define HAVE_MEMORY_H 1
| #define HAVE_STRINGS_H 1
| #define HAVE_INTTYPES_H 1
| #define HAVE_STDINT_H 1
| #define HAVE_UNISTD_H 1
| /* end confdefs.h.  */
| #include <dlfcn.h>
configure:4607: result: no
configure:4607: checking for dlfcn.h
configure:4607: result: no
configure:4626: checking for arm-linux-file
configure:4684: result: no
configure:4690: checking for file
configure:4745: result: /usr/bin/file
configure:4764: checking for arm-linux-ranlib
configure:4791: result: arm-linux-ranlib
configure:4856: checking for arm-linux-strip
configure:4872: found /usr/local/arm/gcc-4.4.4-glibc-2.11.1-multilib-1.0/arm-fsl-linux-gnueabi/bin/arm-linux-strip
configure:4883: result: arm-linux-strip
configure:5126: checking for objdir
configure:5137: result: .libs
configure:5158: checking for arm-uclinuxeabi-gcc option to produce PIC
configure:5304: result: -fPIC
configure:5308: checking if arm-uclinuxeabi-gcc PIC flag -fPIC works
configure:5326: arm-uclinuxeabi-gcc -c -I. -I/usr/local/minigui/cross/arm/cortex-m3/include -mcpu=cortex-m3 -mthumb -fPIC -DPIC  conftest.c >&5
configure:5326: $? = 0
configure:5360: result: yes
configure:5380: checking if arm-uclinuxeabi-gcc static flag -static works
configure:5399: arm-uclinuxeabi-gcc -o conftest -I. -I/usr/local/minigui/cross/arm/cortex-m3/include -mcpu=cortex-m3 -mthumb  -L/usr/local/minigui/cross/arm/cortex-m3/lib -static conftest.c -L /usr/local/minigui/cross/arm/cortex-m3/lib/libminigui_ths.a /usr/local/minigui/cross/arm/cortex-m3/lib/libpng.a /usr/local/minigui/cross/arm/cortex-m3/lib/libz.a /usr/local/minigui/cross/arm/cortex-m3/lib/libjpeg.a >&5
configure:5399: $? = 0
configure:5411: result: yes
configure:5427: checking if arm-uclinuxeabi-gcc supports -c -o file.o
configure:5447: arm-uclinuxeabi-gcc -c -I. -I/usr/local/minigui/cross/arm/cortex-m3/include -mcpu=cortex-m3 -mthumb -o out/conftest2.o  conftest.c >&5
configure:5471: result: yes
configure:5476: checking if arm-uclinuxeabi-gcc supports -c -o file.lo
configure:5498: arm-uclinuxeabi-gcc -c -I. -I/usr/local/minigui/cross/arm/cortex-m3/include -mcpu=cortex-m3 -mthumb -c -o conftest.lo  conftest.c >&5
configure:5498: $? = 0
configure:5515: result: yes
configure:5554: checking if arm-uclinuxeabi-gcc supports -fno-rtti -fno-exceptions
configure:5571: arm-uclinuxeabi-gcc -c -I. -I/usr/local/minigui/cross/arm/cortex-m3/include -mcpu=cortex-m3 -mthumb -fno-rtti -fno-exceptions -c conftest.c  conftest.c >&5
cc1: warning: command line option "-fno-rtti" is valid for C++/ObjC++ but not for C
cc1: warning: command line option "-fno-rtti" is valid for C++/ObjC++ but not for C
configure:5571: $? = 0
configure:5583: result: no
configure:5598: checking whether the linker (/home/hujiafu/uclinux/git_uclinux/lpc1788_uclinux/cortexm_uclinux-master/cross_tools/arm-2010q1-uclinux/arm-uclinuxeabi/bin/ld) supports shared libraries
configure:6293: result: yes
configure:6302: checking how to hardcode library paths into programs
configure:6326: result: immediate
configure:6335: checking whether stripping libraries is possible
configure:6340: result: yes
configure:6355: checking dynamic linker characteristics
configure:6786: result: GNU/Linux ld.so
configure:6795: checking if libtool supports shared libraries
configure:6797: result: yes
configure:6804: checking whether to build shared libraries
configure:6825: result: no
configure:6832: checking whether to build static libraries
configure:6836: result: yes
configure:7934: checking for a BSD-compatible install
configure:8002: result: /usr/bin/install -c
configure:8013: checking whether ln -s works
configure:8017: result: yes
configure:8024: checking whether make sets $(MAKE)
configure:8046: result: yes
configure:8058: checking whether build environment is sane
configure:8108: result: yes
configure:8157: checking for arm-linux-strip
configure:8184: result: arm-linux-strip
configure:8249: checking for a thread-safe mkdir -p
configure:8288: result: /bin/mkdir -p
configure:8301: checking for gawk
configure:8317: found /usr/bin/gawk
configure:8328: result: gawk
configure:8360: checking for style of include used by make
configure:8388: result: GNU
configure:8465: checking dependency style of arm-uclinuxeabi-gcc
configure:8576: result: gcc3
configure:8599: checking for dirent.h that defines DIR
configure:8618: arm-uclinuxeabi-gcc -c -I. -I/usr/local/minigui/cross/arm/cortex-m3/include -mcpu=cortex-m3 -mthumb  conftest.c >&5
configure:8618: $? = 0
configure:8626: result: yes
configure:8639: checking for library containing opendir
configure:8670: arm-uclinuxeabi-gcc -o conftest -I. -I/usr/local/minigui/cross/arm/cortex-m3/include -mcpu=cortex-m3 -mthumb  -L/usr/local/minigui/cross/arm/cortex-m3/lib conftest.c -L /usr/local/minigui/cross/arm/cortex-m3/lib/libminigui_ths.a /usr/local/minigui/cross/arm/cortex-m3/lib/libpng.a /usr/local/minigui/cross/arm/cortex-m3/lib/libz.a /usr/local/minigui/cross/arm/cortex-m3/lib/libjpeg.a >&5
configure:8670: $? = 0
configure:8687: result: none required
configure:8754: checking for ANSI C header files
configure:8858: result: yes
configure:8866: checking for sys/wait.h that is POSIX.1 compatible
configure:8892: arm-uclinuxeabi-gcc -c -I. -I/usr/local/minigui/cross/arm/cortex-m3/include -mcpu=cortex-m3 -mthumb  conftest.c >&5
configure:8892: $? = 0
configure:8899: result: yes
configure:8910: checking fcntl.h usability
configure:8910: arm-uclinuxeabi-gcc -c -I. -I/usr/local/minigui/cross/arm/cortex-m3/include -mcpu=cortex-m3 -mthumb  conftest.c >&5
configure:8910: $? = 0
configure:8910: result: yes
configure:8910: checking fcntl.h presence
configure:8910: arm-uclinuxeabi-cpp  conftest.c
configure:8910: $? = 0
configure:8910: result: yes
configure:8910: checking for fcntl.h
configure:8910: result: yes
configure:8910: checking for stdlib.h
configure:8910: result: yes
configure:8910: checking for string.h
configure:8910: result: yes
configure:8910: checking sys/ioctl.h usability
configure:8910: arm-uclinuxeabi-gcc -c -I. -I/usr/local/minigui/cross/arm/cortex-m3/include -mcpu=cortex-m3 -mthumb  conftest.c >&5
configure:8910: $? = 0
configure:8910: result: yes
configure:8910: checking sys/ioctl.h presence
configure:8910: arm-uclinuxeabi-cpp  conftest.c
configure:8910: $? = 0
configure:8910: result: yes
configure:8910: checking for sys/ioctl.h
configure:8910: result: yes
configure:8910: checking sys/time.h usability
configure:8910: arm-uclinuxeabi-gcc -c -I. -I/usr/local/minigui/cross/arm/cortex-m3/include -mcpu=cortex-m3 -mthumb  conftest.c >&5
configure:8910: $? = 0
configure:8910: result: yes
configure:8910: checking sys/time.h presence
configure:8910: arm-uclinuxeabi-cpp  conftest.c
configure:8910: $? = 0
configure:8910: result: yes
configure:8910: checking for sys/time.h
configure:8910: result: yes
configure:8910: checking termio.h usability
configure:8910: arm-uclinuxeabi-gcc -c -I. -I/usr/local/minigui/cross/arm/cortex-m3/include -mcpu=cortex-m3 -mthumb  conftest.c >&5
configure:8910: $? = 0
configure:8910: result: yes
configure:8910: checking termio.h presence
configure:8910: arm-uclinuxeabi-cpp  conftest.c
configure:8910: $? = 0
configure:8910: result: yes
configure:8910: checking for termio.h
configure:8910: result: yes
configure:8910: checking termios.h usability
configure:8910: arm-uclinuxeabi-gcc -c -I. -I/usr/local/minigui/cross/arm/cortex-m3/include -mcpu=cortex-m3 -mthumb  conftest.c >&5
configure:8910: $? = 0
configure:8910: result: yes
configure:8910: checking termios.h presence
configure:8910: arm-uclinuxeabi-cpp  conftest.c
configure:8910: $? = 0
configure:8910: result: yes
configure:8910: checking for termios.h
configure:8910: result: yes
configure:8910: checking for unistd.h
configure:8910: result: yes
configure:8922: checking for stdbool.h that conforms to C99
configure:8989: arm-uclinuxeabi-gcc -c -I. -I/usr/local/minigui/cross/arm/cortex-m3/include -mcpu=cortex-m3 -mthumb  conftest.c >&5
configure:8989: $? = 0
configure:8996: result: yes
configure:8998: checking for _Bool
configure:8998: arm-uclinuxeabi-gcc -c -I. -I/usr/local/minigui/cross/arm/cortex-m3/include -mcpu=cortex-m3 -mthumb  conftest.c >&5
configure:8998: $? = 0
configure:8998: arm-uclinuxeabi-gcc -c -I. -I/usr/local/minigui/cross/arm/cortex-m3/include -mcpu=cortex-m3 -mthumb  conftest.c >&5
conftest.c: In function 'main':
conftest.c:66: error: expected expression before ')' token
configure:8998: $? = 1
configure: failed program was:
| /* confdefs.h */
| #define PACKAGE_NAME ""
| #define PACKAGE_TARNAME ""
| #define PACKAGE_VERSION ""
| #define PACKAGE_STRING ""
| #define PACKAGE_BUGREPORT ""
| #define PACKAGE_URL ""
| #define STDC_HEADERS 1
| #define HAVE_SYS_TYPES_H 1
| #define HAVE_SYS_STAT_H 1
| #define HAVE_STDLIB_H 1
| #define HAVE_STRING_H 1
| #define HAVE_MEMORY_H 1
| #define HAVE_STRINGS_H 1
| #define HAVE_INTTYPES_H 1
| #define HAVE_STDINT_H 1
| #define HAVE_UNISTD_H 1
| #define HAVE_DIRENT_H 1
| #define STDC_HEADERS 1
| #define HAVE_SYS_WAIT_H 1
| #define HAVE_FCNTL_H 1
| #define HAVE_STDLIB_H 1
| #define HAVE_STRING_H 1
| #define HAVE_SYS_IOCTL_H 1
| #define HAVE_SYS_TIME_H 1
| #define HAVE_TERMIO_H 1
| #define HAVE_TERMIOS_H 1
| #define HAVE_UNISTD_H 1
| /* end confdefs.h.  */
| #include <stdio.h>
| #ifdef HAVE_SYS_TYPES_H
| # include <sys/types.h>
| #endif
| #ifdef HAVE_SYS_STAT_H
| # include <sys/stat.h>
| #endif
| #ifdef STDC_HEADERS
| # include <stdlib.h>
| # include <stddef.h>
| #else
| # ifdef HAVE_STDLIB_H
| #  include <stdlib.h>
| # endif
| #endif
| #ifdef HAVE_STRING_H
| # if !defined STDC_HEADERS && defined HAVE_MEMORY_H
| #  include <memory.h>
| # endif
| # include <string.h>
| #endif
| #ifdef HAVE_STRINGS_H
| # include <strings.h>
| #endif
| #ifdef HAVE_INTTYPES_H
| # include <inttypes.h>
| #endif
| #ifdef HAVE_STDINT_H
| # include <stdint.h>
| #endif
| #ifdef HAVE_UNISTD_H
| # include <unistd.h>
| #endif
| int
| main ()
| {
| if (sizeof ((_Bool)))
| 	    return 0;
|   ;
|   return 0;
| }
configure:8998: result: yes
configure:9014: checking for an ANSI C-conforming const
configure:9079: arm-uclinuxeabi-gcc -c -I. -I/usr/local/minigui/cross/arm/cortex-m3/include -mcpu=cortex-m3 -mthumb  conftest.c >&5
configure:9079: $? = 0
configure:9086: result: yes
configure:9094: checking for inline
configure:9110: arm-uclinuxeabi-gcc -c -I. -I/usr/local/minigui/cross/arm/cortex-m3/include -mcpu=cortex-m3 -mthumb  conftest.c >&5
configure:9110: $? = 0
configure:9118: result: inline
configure:9136: checking for pid_t
configure:9136: arm-uclinuxeabi-gcc -c -I. -I/usr/local/minigui/cross/arm/cortex-m3/include -mcpu=cortex-m3 -mthumb  conftest.c >&5
configure:9136: $? = 0
configure:9136: arm-uclinuxeabi-gcc -c -I. -I/usr/local/minigui/cross/arm/cortex-m3/include -mcpu=cortex-m3 -mthumb  conftest.c >&5
conftest.c: In function 'main':
conftest.c:68: error: expected expression before ')' token
configure:9136: $? = 1
configure: failed program was:
| /* confdefs.h */
| #define PACKAGE_NAME ""
| #define PACKAGE_TARNAME ""
| #define PACKAGE_VERSION ""
| #define PACKAGE_STRING ""
| #define PACKAGE_BUGREPORT ""
| #define PACKAGE_URL ""
| #define STDC_HEADERS 1
| #define HAVE_SYS_TYPES_H 1
| #define HAVE_SYS_STAT_H 1
| #define HAVE_STDLIB_H 1
| #define HAVE_STRING_H 1
| #define HAVE_MEMORY_H 1
| #define HAVE_STRINGS_H 1
| #define HAVE_INTTYPES_H 1
| #define HAVE_STDINT_H 1
| #define HAVE_UNISTD_H 1
| #define HAVE_DIRENT_H 1
| #define STDC_HEADERS 1
| #define HAVE_SYS_WAIT_H 1
| #define HAVE_FCNTL_H 1
| #define HAVE_STDLIB_H 1
| #define HAVE_STRING_H 1
| #define HAVE_SYS_IOCTL_H 1
| #define HAVE_SYS_TIME_H 1
| #define HAVE_TERMIO_H 1
| #define HAVE_TERMIOS_H 1
| #define HAVE_UNISTD_H 1
| #define HAVE__BOOL 1
| #define HAVE_STDBOOL_H 1
| /* end confdefs.h.  */
| #include <stdio.h>
| #ifdef HAVE_SYS_TYPES_H
| # include <sys/types.h>
| #endif
| #ifdef HAVE_SYS_STAT_H
| # include <sys/stat.h>
| #endif
| #ifdef STDC_HEADERS
| # include <stdlib.h>
| # include <stddef.h>
| #else
| # ifdef HAVE_STDLIB_H
| #  include <stdlib.h>
| # endif
| #endif
| #ifdef HAVE_STRING_H
| # if !defined STDC_HEADERS && defined HAVE_MEMORY_H
| #  include <memory.h>
| # endif
| # include <string.h>
| #endif
| #ifdef HAVE_STRINGS_H
| # include <strings.h>
| #endif
| #ifdef HAVE_INTTYPES_H
| # include <inttypes.h>
| #endif
| #ifdef HAVE_STDINT_H
| # include <stdint.h>
| #endif
| #ifdef HAVE_UNISTD_H
| # include <unistd.h>
| #endif
| int
| main ()
| {
| if (sizeof ((pid_t)))
| 	    return 0;
|   ;
|   return 0;
| }
configure:9136: result: yes
configure:9147: checking whether struct tm is in sys/time.h or time.h
configure:9167: arm-uclinuxeabi-gcc -c -I. -I/usr/local/minigui/cross/arm/cortex-m3/include -mcpu=cortex-m3 -mthumb  conftest.c >&5
configure:9167: $? = 0
configure:9174: result: time.h
configure:9184: checking whether closedir returns void
configure:9218: result: yes
configure:9228: checking vfork.h usability
configure:9228: arm-uclinuxeabi-gcc -c -I. -I/usr/local/minigui/cross/arm/cortex-m3/include -mcpu=cortex-m3 -mthumb  conftest.c >&5
conftest.c:66: fatal error: vfork.h: No such file or directory
compilation terminated.
configure:9228: $? = 1
configure: failed program was:
| /* confdefs.h */
| #define PACKAGE_NAME ""
| #define PACKAGE_TARNAME ""
| #define PACKAGE_VERSION ""
| #define PACKAGE_STRING ""
| #define PACKAGE_BUGREPORT ""
| #define PACKAGE_URL ""
| #define STDC_HEADERS 1
| #define HAVE_SYS_TYPES_H 1
| #define HAVE_SYS_STAT_H 1
| #define HAVE_STDLIB_H 1
| #define HAVE_STRING_H 1
| #define HAVE_MEMORY_H 1
| #define HAVE_STRINGS_H 1
| #define HAVE_INTTYPES_H 1
| #define HAVE_STDINT_H 1
| #define HAVE_UNISTD_H 1
| #define HAVE_DIRENT_H 1
| #define STDC_HEADERS 1
| #define HAVE_SYS_WAIT_H 1
| #define HAVE_FCNTL_H 1
| #define HAVE_STDLIB_H 1
| #define HAVE_STRING_H 1
| #define HAVE_SYS_IOCTL_H 1
| #define HAVE_SYS_TIME_H 1
| #define HAVE_TERMIO_H 1
| #define HAVE_TERMIOS_H 1
| #define HAVE_UNISTD_H 1
| #define HAVE__BOOL 1
| #define HAVE_STDBOOL_H 1
| #define CLOSEDIR_VOID 1
| /* end confdefs.h.  */
| #include <stdio.h>
| #ifdef HAVE_SYS_TYPES_H
| # include <sys/types.h>
| #endif
| #ifdef HAVE_SYS_STAT_H
| # include <sys/stat.h>
| #endif
| #ifdef STDC_HEADERS
| # include <stdlib.h>
| # include <stddef.h>
| #else
| # ifdef HAVE_STDLIB_H
| #  include <stdlib.h>
| # endif
| #endif
| #ifdef HAVE_STRING_H
| # if !defined STDC_HEADERS && defined HAVE_MEMORY_H
| #  include <memory.h>
| # endif
| # include <string.h>
| #endif
| #ifdef HAVE_STRINGS_H
| # include <strings.h>
| #endif
| #ifdef HAVE_INTTYPES_H
| # include <inttypes.h>
| #endif
| #ifdef HAVE_STDINT_H
| # include <stdint.h>
| #endif
| #ifdef HAVE_UNISTD_H
| # include <unistd.h>
| #endif
| #include <vfork.h>
configure:9228: result: no
configure:9228: checking vfork.h presence
configure:9228: arm-uclinuxeabi-cpp  conftest.c
conftest.c:33: fatal error: vfork.h: No such file or directory
compilation terminated.
configure:9228: $? = 1
configure: failed program was:
| /* confdefs.h */
| #define PACKAGE_NAME ""
| #define PACKAGE_TARNAME ""
| #define PACKAGE_VERSION ""
| #define PACKAGE_STRING ""
| #define PACKAGE_BUGREPORT ""
| #define PACKAGE_URL ""
| #define STDC_HEADERS 1
| #define HAVE_SYS_TYPES_H 1
| #define HAVE_SYS_STAT_H 1
| #define HAVE_STDLIB_H 1
| #define HAVE_STRING_H 1
| #define HAVE_MEMORY_H 1
| #define HAVE_STRINGS_H 1
| #define HAVE_INTTYPES_H 1
| #define HAVE_STDINT_H 1
| #define HAVE_UNISTD_H 1
| #define HAVE_DIRENT_H 1
| #define STDC_HEADERS 1
| #define HAVE_SYS_WAIT_H 1
| #define HAVE_FCNTL_H 1
| #define HAVE_STDLIB_H 1
| #define HAVE_STRING_H 1
| #define HAVE_SYS_IOCTL_H 1
| #define HAVE_SYS_TIME_H 1
| #define HAVE_TERMIO_H 1
| #define HAVE_TERMIOS_H 1
| #define HAVE_UNISTD_H 1
| #define HAVE__BOOL 1
| #define HAVE_STDBOOL_H 1
| #define CLOSEDIR_VOID 1
| /* end confdefs.h.  */
| #include <vfork.h>
configure:9228: result: no
configure:9228: checking for vfork.h
configure:9228: result: no
configure:9241: checking for fork
configure:9241: arm-uclinuxeabi-gcc -o conftest -I. -I/usr/local/minigui/cross/arm/cortex-m3/include -mcpu=cortex-m3 -mthumb  -L/usr/local/minigui/cross/arm/cortex-m3/lib conftest.c -L /usr/local/minigui/cross/arm/cortex-m3/lib/libminigui_ths.a /usr/local/minigui/cross/arm/cortex-m3/lib/libpng.a /usr/local/minigui/cross/arm/cortex-m3/lib/libz.a /usr/local/minigui/cross/arm/cortex-m3/lib/libjpeg.a >&5
conftest.c:56: warning: conflicting types for built-in function 'fork'
/tmp/ccmajioV.o: In function `main':
conftest.c:(.text+0x4): undefined reference to `fork'
collect2: ld returned 1 exit status
configure:9241: $? = 1
configure: failed program was:
| /* confdefs.h */
| #define PACKAGE_NAME ""
| #define PACKAGE_TARNAME ""
| #define PACKAGE_VERSION ""
| #define PACKAGE_STRING ""
| #define PACKAGE_BUGREPORT ""
| #define PACKAGE_URL ""
| #define STDC_HEADERS 1
| #define HAVE_SYS_TYPES_H 1
| #define HAVE_SYS_STAT_H 1
| #define HAVE_STDLIB_H 1
| #define HAVE_STRING_H 1
| #define HAVE_MEMORY_H 1
| #define HAVE_STRINGS_H 1
| #define HAVE_INTTYPES_H 1
| #define HAVE_STDINT_H 1
| #define HAVE_UNISTD_H 1
| #define HAVE_DIRENT_H 1
| #define STDC_HEADERS 1
| #define HAVE_SYS_WAIT_H 1
| #define HAVE_FCNTL_H 1
| #define HAVE_STDLIB_H 1
| #define HAVE_STRING_H 1
| #define HAVE_SYS_IOCTL_H 1
| #define HAVE_SYS_TIME_H 1
| #define HAVE_TERMIO_H 1
| #define HAVE_TERMIOS_H 1
| #define HAVE_UNISTD_H 1
| #define HAVE__BOOL 1
| #define HAVE_STDBOOL_H 1
| #define CLOSEDIR_VOID 1
| /* end confdefs.h.  */
| /* Define fork to an innocuous variant, in case <limits.h> declares fork.
|    For example, HP-UX 11i <limits.h> declares gettimeofday.  */
| #define fork innocuous_fork
| 
| /* System header to define __stub macros and hopefully few prototypes,
|     which can conflict with char fork (); below.
|     Prefer <limits.h> to <assert.h> if __STDC__ is defined, since
|     <limits.h> exists even on freestanding compilers.  */
| 
| #ifdef __STDC__
| # include <limits.h>
| #else
| # include <assert.h>
| #endif
| 
| #undef fork
| 
| /* Override any GCC internal prototype to avoid an error.
|    Use char because int might match the return type of a GCC
|    builtin and then its argument prototype would still apply.  */
| #ifdef __cplusplus
| extern "C"
| #endif
| char fork ();
| /* The GNU C library defines this for functions which it implements
|     to always fail with ENOSYS.  Some functions are actually named
|     something starting with __ and the normal name is an alias.  */
| #if defined __stub_fork || defined __stub___fork
| choke me
| #endif
| 
| int
| main ()
| {
| return fork ();
|   ;
|   return 0;
| }
configure:9241: result: no
configure:9241: checking for vfork
configure:9241: arm-uclinuxeabi-gcc -o conftest -I. -I/usr/local/minigui/cross/arm/cortex-m3/include -mcpu=cortex-m3 -mthumb  -L/usr/local/minigui/cross/arm/cortex-m3/lib conftest.c -L /usr/local/minigui/cross/arm/cortex-m3/lib/libminigui_ths.a /usr/local/minigui/cross/arm/cortex-m3/lib/libpng.a /usr/local/minigui/cross/arm/cortex-m3/lib/libz.a /usr/local/minigui/cross/arm/cortex-m3/lib/libjpeg.a >&5
configure:9241: $? = 0
configure:9241: result: yes
configure:9304: checking for working vfork
configure:9414: result: yes
configure:9440: checking whether arm-uclinuxeabi-gcc needs -traditional
configure:9474: result: no
configure:9481: checking whether lstat correctly handles trailing slash
configure:9524: result: no
configure:9543: checking whether stat accepts an empty string
configure:9573: result: yes
configure:9591: checking for vprintf
configure:9591: arm-uclinuxeabi-gcc -o conftest -I. -I/usr/local/minigui/cross/arm/cortex-m3/include -mcpu=cortex-m3 -mthumb  -L/usr/local/minigui/cross/arm/cortex-m3/lib conftest.c -L /usr/local/minigui/cross/arm/cortex-m3/lib/libminigui_ths.a /usr/local/minigui/cross/arm/cortex-m3/lib/libpng.a /usr/local/minigui/cross/arm/cortex-m3/lib/libz.a /usr/local/minigui/cross/arm/cortex-m3/lib/libjpeg.a >&5
conftest.c:59: warning: conflicting types for built-in function 'vprintf'
configure:9591: $? = 0
configure:9591: result: yes
configure:9597: checking for _doprnt
configure:9597: arm-uclinuxeabi-gcc -o conftest -I. -I/usr/local/minigui/cross/arm/cortex-m3/include -mcpu=cortex-m3 -mthumb  -L/usr/local/minigui/cross/arm/cortex-m3/lib conftest.c -L /usr/local/minigui/cross/arm/cortex-m3/lib/libminigui_ths.a /usr/local/minigui/cross/arm/cortex-m3/lib/libpng.a /usr/local/minigui/cross/arm/cortex-m3/lib/libz.a /usr/local/minigui/cross/arm/cortex-m3/lib/libjpeg.a >&5
/tmp/ccyM01P9.o: In function `main':
conftest.c:(.text+0x4): undefined reference to `_doprnt'
collect2: ld returned 1 exit status
configure:9597: $? = 1
configure: failed program was:
| /* confdefs.h */
| #define PACKAGE_NAME ""
| #define PACKAGE_TARNAME ""
| #define PACKAGE_VERSION ""
| #define PACKAGE_STRING ""
| #define PACKAGE_BUGREPORT ""
| #define PACKAGE_URL ""
| #define STDC_HEADERS 1
| #define HAVE_SYS_TYPES_H 1
| #define HAVE_SYS_STAT_H 1
| #define HAVE_STDLIB_H 1
| #define HAVE_STRING_H 1
| #define HAVE_MEMORY_H 1
| #define HAVE_STRINGS_H 1
| #define HAVE_INTTYPES_H 1
| #define HAVE_STDINT_H 1
| #define HAVE_UNISTD_H 1
| #define HAVE_DIRENT_H 1
| #define STDC_HEADERS 1
| #define HAVE_SYS_WAIT_H 1
| #define HAVE_FCNTL_H 1
| #define HAVE_STDLIB_H 1
| #define HAVE_STRING_H 1
| #define HAVE_SYS_IOCTL_H 1
| #define HAVE_SYS_TIME_H 1
| #define HAVE_TERMIO_H 1
| #define HAVE_TERMIOS_H 1
| #define HAVE_UNISTD_H 1
| #define HAVE__BOOL 1
| #define HAVE_STDBOOL_H 1
| #define CLOSEDIR_VOID 1
| #define HAVE_VFORK 1
| #define HAVE_WORKING_VFORK 1
| #define HAVE_STAT_EMPTY_STRING_BUG 1
| #define HAVE_VPRINTF 1
| /* end confdefs.h.  */
| /* Define _doprnt to an innocuous variant, in case <limits.h> declares _doprnt.
|    For example, HP-UX 11i <limits.h> declares gettimeofday.  */
| #define _doprnt innocuous__doprnt
| 
| /* System header to define __stub macros and hopefully few prototypes,
|     which can conflict with char _doprnt (); below.
|     Prefer <limits.h> to <assert.h> if __STDC__ is defined, since
|     <limits.h> exists even on freestanding compilers.  */
| 
| #ifdef __STDC__
| # include <limits.h>
| #else
| # include <assert.h>
| #endif
| 
| #undef _doprnt
| 
| /* Override any GCC internal prototype to avoid an error.
|    Use char because int might match the return type of a GCC
|    builtin and then its argument prototype would still apply.  */
| #ifdef __cplusplus
| extern "C"
| #endif
| char _doprnt ();
| /* The GNU C library defines this for functions which it implements
|     to always fail with ENOSYS.  Some functions are actually named
|     something starting with __ and the normal name is an alias.  */
| #if defined __stub__doprnt || defined __stub____doprnt
| choke me
| #endif
| 
| int
| main ()
| {
| return _doprnt ();
|   ;
|   return 0;
| }
configure:9597: result: no
configure:9611: checking for bzero
configure:9611: arm-uclinuxeabi-gcc -o conftest -I. -I/usr/local/minigui/cross/arm/cortex-m3/include -mcpu=cortex-m3 -mthumb  -L/usr/local/minigui/cross/arm/cortex-m3/lib conftest.c -L /usr/local/minigui/cross/arm/cortex-m3/lib/libminigui_ths.a /usr/local/minigui/cross/arm/cortex-m3/lib/libpng.a /usr/local/minigui/cross/arm/cortex-m3/lib/libz.a /usr/local/minigui/cross/arm/cortex-m3/lib/libjpeg.a >&5
conftest.c:60: warning: conflicting types for built-in function 'bzero'
configure:9611: $? = 0
configure:9611: result: yes
configure:9611: checking for dup2
configure:9611: arm-uclinuxeabi-gcc -o conftest -I. -I/usr/local/minigui/cross/arm/cortex-m3/include -mcpu=cortex-m3 -mthumb  -L/usr/local/minigui/cross/arm/cortex-m3/lib conftest.c -L /usr/local/minigui/cross/arm/cortex-m3/lib/libminigui_ths.a /usr/local/minigui/cross/arm/cortex-m3/lib/libpng.a /usr/local/minigui/cross/arm/cortex-m3/lib/libz.a /usr/local/minigui/cross/arm/cortex-m3/lib/libjpeg.a >&5
configure:9611: $? = 0
configure:9611: result: yes
configure:9611: checking for getcwd
configure:9611: arm-uclinuxeabi-gcc -o conftest -I. -I/usr/local/minigui/cross/arm/cortex-m3/include -mcpu=cortex-m3 -mthumb  -L/usr/local/minigui/cross/arm/cortex-m3/lib conftest.c -L /usr/local/minigui/cross/arm/cortex-m3/lib/libminigui_ths.a /usr/local/minigui/cross/arm/cortex-m3/lib/libpng.a /usr/local/minigui/cross/arm/cortex-m3/lib/libz.a /usr/local/minigui/cross/arm/cortex-m3/lib/libjpeg.a >&5
configure:9611: $? = 0
configure:9611: result: yes
configure:9611: checking for memmove
configure:9611: arm-uclinuxeabi-gcc -o conftest -I. -I/usr/local/minigui/cross/arm/cortex-m3/include -mcpu=cortex-m3 -mthumb  -L/usr/local/minigui/cross/arm/cortex-m3/lib conftest.c -L /usr/local/minigui/cross/arm/cortex-m3/lib/libminigui_ths.a /usr/local/minigui/cross/arm/cortex-m3/lib/libpng.a /usr/local/minigui/cross/arm/cortex-m3/lib/libz.a /usr/local/minigui/cross/arm/cortex-m3/lib/libjpeg.a >&5
conftest.c:63: warning: conflicting types for built-in function 'memmove'
configure:9611: $? = 0
configure:9611: result: yes
configure:9611: checking for memset
configure:9611: arm-uclinuxeabi-gcc -o conftest -I. -I/usr/local/minigui/cross/arm/cortex-m3/include -mcpu=cortex-m3 -mthumb  -L/usr/local/minigui/cross/arm/cortex-m3/lib conftest.c -L /usr/local/minigui/cross/arm/cortex-m3/lib/libminigui_ths.a /usr/local/minigui/cross/arm/cortex-m3/lib/libpng.a /usr/local/minigui/cross/arm/cortex-m3/lib/libz.a /usr/local/minigui/cross/arm/cortex-m3/lib/libjpeg.a >&5
conftest.c:64: warning: conflicting types for built-in function 'memset'
configure:9611: $? = 0
configure:9611: result: yes
configure:9611: checking for putenv
configure:9611: arm-uclinuxeabi-gcc -o conftest -I. -I/usr/local/minigui/cross/arm/cortex-m3/include -mcpu=cortex-m3 -mthumb  -L/usr/local/minigui/cross/arm/cortex-m3/lib conftest.c -L /usr/local/minigui/cross/arm/cortex-m3/lib/libminigui_ths.a /usr/local/minigui/cross/arm/cortex-m3/lib/libpng.a /usr/local/minigui/cross/arm/cortex-m3/lib/libz.a /usr/local/minigui/cross/arm/cortex-m3/lib/libjpeg.a >&5
configure:9611: $? = 0
configure:9611: result: yes
configure:9611: checking for strchr
configure:9611: arm-uclinuxeabi-gcc -o conftest -I. -I/usr/local/minigui/cross/arm/cortex-m3/include -mcpu=cortex-m3 -mthumb  -L/usr/local/minigui/cross/arm/cortex-m3/lib conftest.c -L /usr/local/minigui/cross/arm/cortex-m3/lib/libminigui_ths.a /usr/local/minigui/cross/arm/cortex-m3/lib/libpng.a /usr/local/minigui/cross/arm/cortex-m3/lib/libz.a /usr/local/minigui/cross/arm/cortex-m3/lib/libjpeg.a >&5
conftest.c:66: warning: conflicting types for built-in function 'strchr'
configure:9611: $? = 0
configure:9611: result: yes
configure:9611: checking for strdup
configure:9611: arm-uclinuxeabi-gcc -o conftest -I. -I/usr/local/minigui/cross/arm/cortex-m3/include -mcpu=cortex-m3 -mthumb  -L/usr/local/minigui/cross/arm/cortex-m3/lib conftest.c -L /usr/local/minigui/cross/arm/cortex-m3/lib/libminigui_ths.a /usr/local/minigui/cross/arm/cortex-m3/lib/libpng.a /usr/local/minigui/cross/arm/cortex-m3/lib/libz.a /usr/local/minigui/cross/arm/cortex-m3/lib/libjpeg.a >&5
conftest.c:67: warning: conflicting types for built-in function 'strdup'
configure:9611: $? = 0
configure:9611: result: yes
configure:9611: checking for strerror
configure:9611: arm-uclinuxeabi-gcc -o conftest -I. -I/usr/local/minigui/cross/arm/cortex-m3/include -mcpu=cortex-m3 -mthumb  -L/usr/local/minigui/cross/arm/cortex-m3/lib conftest.c -L /usr/local/minigui/cross/arm/cortex-m3/lib/libminigui_ths.a /usr/local/minigui/cross/arm/cortex-m3/lib/libpng.a /usr/local/minigui/cross/arm/cortex-m3/lib/libz.a /usr/local/minigui/cross/arm/cortex-m3/lib/libjpeg.a >&5
configure:9611: $? = 0
configure:9611: result: yes
configure:9611: checking for strstr
configure:9611: arm-uclinuxeabi-gcc -o conftest -I. -I/usr/local/minigui/cross/arm/cortex-m3/include -mcpu=cortex-m3 -mthumb  -L/usr/local/minigui/cross/arm/cortex-m3/lib conftest.c -L /usr/local/minigui/cross/arm/cortex-m3/lib/libminigui_ths.a /usr/local/minigui/cross/arm/cortex-m3/lib/libpng.a /usr/local/minigui/cross/arm/cortex-m3/lib/libz.a /usr/local/minigui/cross/arm/cortex-m3/lib/libjpeg.a >&5
conftest.c:69: warning: conflicting types for built-in function 'strstr'
configure:9611: $? = 0
configure:9611: result: yes
configure:9639: checking minigui/common.h usability
configure:9639: arm-uclinuxeabi-gcc -c -I. -I/usr/local/minigui/cross/arm/cortex-m3/include -mcpu=cortex-m3 -mthumb  conftest.c >&5
In file included from /usr/local/minigui/cross/arm/cortex-m3/include/minigui/common.h:59,
                 from conftest.c:80:
/usr/local/minigui/cross/arm/cortex-m3/include/minigui/mgconfig.h:140: warning: "PACKAGE_NAME" redefined
conftest.c:2: note: this is the location of the previous definition
/usr/local/minigui/cross/arm/cortex-m3/include/minigui/mgconfig.h:143: warning: "PACKAGE_STRING" redefined
conftest.c:5: note: this is the location of the previous definition
/usr/local/minigui/cross/arm/cortex-m3/include/minigui/mgconfig.h:146: warning: "PACKAGE_TARNAME" redefined
conftest.c:3: note: this is the location of the previous definition
/usr/local/minigui/cross/arm/cortex-m3/include/minigui/mgconfig.h:152: warning: "PACKAGE_VERSION" redefined
conftest.c:4: note: this is the location of the previous definition
configure:9639: $? = 0
configure:9639: result: yes
configure:9639: checking minigui/common.h presence
configure:9639: arm-uclinuxeabi-cpp  conftest.c
conftest.c:47: fatal error: minigui/common.h: No such file or directory
compilation terminated.
configure:9639: $? = 1
configure: failed program was:
| /* confdefs.h */
| #define PACKAGE_NAME ""
| #define PACKAGE_TARNAME ""
| #define PACKAGE_VERSION ""
| #define PACKAGE_STRING ""
| #define PACKAGE_BUGREPORT ""
| #define PACKAGE_URL ""
| #define STDC_HEADERS 1
| #define HAVE_SYS_TYPES_H 1
| #define HAVE_SYS_STAT_H 1
| #define HAVE_STDLIB_H 1
| #define HAVE_STRING_H 1
| #define HAVE_MEMORY_H 1
| #define HAVE_STRINGS_H 1
| #define HAVE_INTTYPES_H 1
| #define HAVE_STDINT_H 1
| #define HAVE_UNISTD_H 1
| #define HAVE_DIRENT_H 1
| #define STDC_HEADERS 1
| #define HAVE_SYS_WAIT_H 1
| #define HAVE_FCNTL_H 1
| #define HAVE_STDLIB_H 1
| #define HAVE_STRING_H 1
| #define HAVE_SYS_IOCTL_H 1
| #define HAVE_SYS_TIME_H 1
| #define HAVE_TERMIO_H 1
| #define HAVE_TERMIOS_H 1
| #define HAVE_UNISTD_H 1
| #define HAVE__BOOL 1
| #define HAVE_STDBOOL_H 1
| #define CLOSEDIR_VOID 1
| #define HAVE_VFORK 1
| #define HAVE_WORKING_VFORK 1
| #define HAVE_STAT_EMPTY_STRING_BUG 1
| #define HAVE_VPRINTF 1
| #define HAVE_BZERO 1
| #define HAVE_DUP2 1
| #define HAVE_GETCWD 1
| #define HAVE_MEMMOVE 1
| #define HAVE_MEMSET 1
| #define HAVE_PUTENV 1
| #define HAVE_STRCHR 1
| #define HAVE_STRDUP 1
| #define HAVE_STRERROR 1
| #define HAVE_STRSTR 1
| /* end confdefs.h.  */
| #include <minigui/common.h>
configure:9639: result: no
configure:9639: WARNING: minigui/common.h: accepted by the compiler, rejected by the preprocessor!
configure:9639: WARNING: minigui/common.h: proceeding with the compiler's result
configure:9639: checking for minigui/common.h
configure:9639: result: yes
configure:9653: checking whether _MGRM_PROCESSES is declared
configure:9653: arm-uclinuxeabi-gcc -c -I. -I/usr/local/minigui/cross/arm/cortex-m3/include -mcpu=cortex-m3 -mthumb  conftest.c >&5
In file included from /usr/local/minigui/cross/arm/cortex-m3/include/minigui/common.h:59,
                 from conftest.c:48:
/usr/local/minigui/cross/arm/cortex-m3/include/minigui/mgconfig.h:140: warning: "PACKAGE_NAME" redefined
conftest.c:2: note: this is the location of the previous definition
/usr/local/minigui/cross/arm/cortex-m3/include/minigui/mgconfig.h:143: warning: "PACKAGE_STRING" redefined
conftest.c:5: note: this is the location of the previous definition
/usr/local/minigui/cross/arm/cortex-m3/include/minigui/mgconfig.h:146: warning: "PACKAGE_TARNAME" redefined
conftest.c:3: note: this is the location of the previous definition
/usr/local/minigui/cross/arm/cortex-m3/include/minigui/mgconfig.h:152: warning: "PACKAGE_VERSION" redefined
conftest.c:4: note: this is the location of the previous definition
conftest.c: In function 'main':
conftest.c:57: error: '_MGRM_PROCESSES' undeclared (first use in this function)
conftest.c:57: error: (Each undeclared identifier is reported only once
conftest.c:57: error: for each function it appears in.)
configure:9653: $? = 1
configure: failed program was:
| /* confdefs.h */
| #define PACKAGE_NAME ""
| #define PACKAGE_TARNAME ""
| #define PACKAGE_VERSION ""
| #define PACKAGE_STRING ""
| #define PACKAGE_BUGREPORT ""
| #define PACKAGE_URL ""
| #define STDC_HEADERS 1
| #define HAVE_SYS_TYPES_H 1
| #define HAVE_SYS_STAT_H 1
| #define HAVE_STDLIB_H 1
| #define HAVE_STRING_H 1
| #define HAVE_MEMORY_H 1
| #define HAVE_STRINGS_H 1
| #define HAVE_INTTYPES_H 1
| #define HAVE_STDINT_H 1
| #define HAVE_UNISTD_H 1
| #define HAVE_DIRENT_H 1
| #define STDC_HEADERS 1
| #define HAVE_SYS_WAIT_H 1
| #define HAVE_FCNTL_H 1
| #define HAVE_STDLIB_H 1
| #define HAVE_STRING_H 1
| #define HAVE_SYS_IOCTL_H 1
| #define HAVE_SYS_TIME_H 1
| #define HAVE_TERMIO_H 1
| #define HAVE_TERMIOS_H 1
| #define HAVE_UNISTD_H 1
| #define HAVE__BOOL 1
| #define HAVE_STDBOOL_H 1
| #define CLOSEDIR_VOID 1
| #define HAVE_VFORK 1
| #define HAVE_WORKING_VFORK 1
| #define HAVE_STAT_EMPTY_STRING_BUG 1
| #define HAVE_VPRINTF 1
| #define HAVE_BZERO 1
| #define HAVE_DUP2 1
| #define HAVE_GETCWD 1
| #define HAVE_MEMMOVE 1
| #define HAVE_MEMSET 1
| #define HAVE_PUTENV 1
| #define HAVE_STRCHR 1
| #define HAVE_STRDUP 1
| #define HAVE_STRERROR 1
| #define HAVE_STRSTR 1
| #define HAVE_MINIGUI_COMMON_H 1
| /* end confdefs.h.  */
| #include <minigui/common.h>
| 
| int
| main ()
| {
| #ifndef _MGRM_PROCESSES
| #ifdef __cplusplus
|   (void) _MGRM_PROCESSES;
| #else
|   (void) _MGRM_PROCESSES;
| #endif
| #endif
| 
|   ;
|   return 0;
| }
configure:9653: result: no
configure:9707: checking for arm-linux-pkg-config
configure:9740: result: no
configure:9750: checking for pkg-config
configure:9768: found /usr/bin/pkg-config
configure:9780: result: /usr/bin/pkg-config
configure:9792: WARNING: using cross tools not prefixed with host triplet
configure:9805: checking pkg-config is at least version 0.9.0
configure:9808: result: yes
configure:9818: checking for MINIGUI
configure:9903: result: yes
configure:10091: creating ./config.status

## ---------------- ##
## Cache variables. ##
## ---------------- ##

ac_cv_build=i686-pc-linux-gnu
ac_cv_c_compiler_gnu=yes
ac_cv_c_const=yes
ac_cv_c_inline=inline
ac_cv_env_CC_set=set
ac_cv_env_CC_value=arm-uclinuxeabi-gcc
ac_cv_env_CFLAGS_set=set
ac_cv_env_CFLAGS_value='-I. -I/usr/local/minigui/cross/arm/cortex-m3/include -mcpu=cortex-m3 -mthumb'
ac_cv_env_CPPFLAGS_set=
ac_cv_env_CPPFLAGS_value=
ac_cv_env_CPP_set=set
ac_cv_env_CPP_value=arm-uclinuxeabi-cpp
ac_cv_env_LDFLAGS_set=set
ac_cv_env_LDFLAGS_value=-L/usr/local/minigui/cross/arm/cortex-m3/lib
ac_cv_env_LIBS_set=set
ac_cv_env_LIBS_value='-L /usr/local/minigui/cross/arm/cortex-m3/lib/libminigui_ths.a /usr/local/minigui/cross/arm/cortex-m3/lib/libpng.a /usr/local/minigui/cross/arm/cortex-m3/lib/libz.a /usr/local/minigui/cross/arm/cortex-m3/lib/libjpeg.a'
ac_cv_env_MINIGUI_CFLAGS_set=set
ac_cv_env_MINIGUI_CFLAGS_value=-I/usr/local/minigui/cross/arm/cortex-m3/include/minigui
ac_cv_env_MINIGUI_LIBS_set=set
ac_cv_env_MINIGUI_LIBS_value=-L/usr/local/minigui/cross/arm/cortex-m3/lib
ac_cv_env_PKG_CONFIG_LIBDIR_set=
ac_cv_env_PKG_CONFIG_LIBDIR_value=
ac_cv_env_PKG_CONFIG_PATH_set=
ac_cv_env_PKG_CONFIG_PATH_value=
ac_cv_env_PKG_CONFIG_set=
ac_cv_env_PKG_CONFIG_value=
ac_cv_env_build_alias_set=set
ac_cv_env_build_alias_value=i686-linux
ac_cv_env_host_alias_set=set
ac_cv_env_host_alias_value=arm-linux
ac_cv_env_target_alias_set=set
ac_cv_env_target_alias_value=arm-linux
ac_cv_func__doprnt=no
ac_cv_func_bzero=yes
ac_cv_func_closedir_void=yes
ac_cv_func_dup2=yes
ac_cv_func_fork=no
ac_cv_func_fork_works=no
ac_cv_func_getcwd=yes
ac_cv_func_lstat_dereferences_slashed_symlink=no
ac_cv_func_memmove=yes
ac_cv_func_memset=yes
ac_cv_func_putenv=yes
ac_cv_func_stat_empty_string_bug=yes
ac_cv_func_strchr=yes
ac_cv_func_strdup=yes
ac_cv_func_strerror=yes
ac_cv_func_strstr=yes
ac_cv_func_vfork=yes
ac_cv_func_vfork_works=yes
ac_cv_func_vprintf=yes
ac_cv_have_decl__MGRM_PROCESSES=no
ac_cv_header_dirent_dirent_h=yes
ac_cv_header_dlfcn_h=no
ac_cv_header_fcntl_h=yes
ac_cv_header_inttypes_h=yes
ac_cv_header_memory_h=yes
ac_cv_header_minigui_common_h=yes
ac_cv_header_stdbool_h=yes
ac_cv_header_stdc=yes
ac_cv_header_stdint_h=yes
ac_cv_header_stdlib_h=yes
ac_cv_header_string_h=yes
ac_cv_header_strings_h=yes
ac_cv_header_sys_ioctl_h=yes
ac_cv_header_sys_stat_h=yes
ac_cv_header_sys_time_h=yes
ac_cv_header_sys_types_h=yes
ac_cv_header_sys_wait_h=yes
ac_cv_header_termio_h=yes
ac_cv_header_termios_h=yes
ac_cv_header_unistd_h=yes
ac_cv_header_vfork_h=no
ac_cv_host=arm-unknown-linux-gnu
ac_cv_objext=o
ac_cv_path_EGREP='/bin/grep -E'
ac_cv_path_GREP=/bin/grep
ac_cv_path_ac_pt_PKG_CONFIG=/usr/bin/pkg-config
ac_cv_path_install='/usr/bin/install -c'
ac_cv_path_mkdir=/bin/mkdir
ac_cv_prog_AWK=gawk
ac_cv_prog_CC=arm-uclinuxeabi-gcc
ac_cv_prog_CPP=arm-uclinuxeabi-cpp
ac_cv_prog_RANLIB=arm-linux-ranlib
ac_cv_prog_STRIP=arm-linux-strip
ac_cv_prog_cc_c89=
ac_cv_prog_cc_g=yes
ac_cv_prog_gcc_traditional=no
ac_cv_prog_make_make_set=yes
ac_cv_search_opendir='none required'
ac_cv_struct_tm=time.h
ac_cv_target=arm-unknown-linux-gnu
ac_cv_type__Bool=yes
ac_cv_type_pid_t=yes
am_cv_CC_dependencies_compiler_type=gcc3
lt_cv_compiler_c_o=yes
lt_cv_compiler_o_lo=yes
lt_cv_deplibs_check_method='file_magic ELF [0-9][0-9]*-bit [LM]SB (shared object|dynamic lib )'
lt_cv_file_magic_cmd='$MAGIC_CMD'
lt_cv_file_magic_test_file='/lib/libc.so* /lib/libc-*.so'
lt_cv_global_symbol_to_c_name_address='sed -n -e '\''s/^: \([^ ]*\) $/  {\"\1\", (lt_ptr) 0},/p'\'' -e '\''s/^[BCDEGRST] \([^ ]*\) \([^ ]*\)$/  {"\2", (lt_ptr) \&\2},/p'\'''
lt_cv_global_symbol_to_cdecl='sed -n -e '\''s/^. .* \(.*\)$/extern char \1;/p'\'''
lt_cv_ld_reload_flag=-r
lt_cv_path_LD=/home/hujiafu/uclinux/git_uclinux/lpc1788_uclinux/cortexm_uclinux-master/cross_tools/arm-2010q1-uclinux/arm-uclinuxeabi/bin/ld
lt_cv_path_MAGIC_CMD=/usr/bin/file
lt_cv_path_NM='/usr/local/arm/gcc-4.4.4-glibc-2.11.1-multilib-1.0/arm-fsl-linux-gnueabi/bin/arm-linux-nm -B'
lt_cv_path_SED=/bin/sed
lt_cv_prog_cc_can_build_shared=yes
lt_cv_prog_cc_no_builtin=
lt_cv_prog_cc_pic=' -fPIC'
lt_cv_prog_cc_pic_works=yes
lt_cv_prog_cc_shlib=
lt_cv_prog_cc_static=-static
lt_cv_prog_cc_static_works=yes
lt_cv_prog_cc_wl=-Wl,
lt_cv_prog_gnu_ld=yes
lt_cv_sys_global_symbol_pipe='sed -n -e '\''s/^.*[ 	]\([ABCDGISTW][ABCDGISTW]*\)[ 	][ 	]*\(\)\([_A-Za-z][_A-Za-z0-9]*\)$/\1 \2\3 \3/p'\'''
pkg_cv_MINIGUI_CFLAGS=-I/usr/local/minigui/cross/arm/cortex-m3/include/minigui
pkg_cv_MINIGUI_LIBS=-L/usr/local/minigui/cross/arm/cortex-m3/lib

## ----------------- ##
## Output variables. ##
## ----------------- ##

ACLOCAL='${SHELL} /home/hujiafu/minigui/libmgutils-1.0.4_for_uclinux/libmgutils-1.0.4/missing --run aclocal-1.11'
AMDEPBACKSLASH='\'
AMDEP_FALSE='#'
AMDEP_TRUE=''
AMTAR='$${TAR-tar}'
APP_LIBS=' -L/usr/local/minigui/cross/arm/cortex-m3/lib'
AUTOCONF='${SHELL} /home/hujiafu/minigui/libmgutils-1.0.4_for_uclinux/libmgutils-1.0.4/missing --run autoconf'
AUTOHEADER='${SHELL} /home/hujiafu/minigui/libmgutils-1.0.4_for_uclinux/libmgutils-1.0.4/missing --run autoheader'
AUTOMAKE='${SHELL} /home/hujiafu/minigui/libmgutils-1.0.4_for_uclinux/libmgutils-1.0.4/missing --run automake-1.11'
AWK='gawk'
CC='arm-uclinuxeabi-gcc'
CCDEPMODE='depmode=gcc3'
CFLAGS='-I. -I/usr/local/minigui/cross/arm/cortex-m3/include -mcpu=cortex-m3 -mthumb -D__MGUTILS_LIB__ -Wall -Wstrict-prototypes -pipe'
CPP='arm-uclinuxeabi-cpp'
CPPFLAGS=''
CYGPATH_W='echo'
DEFS='-DPACKAGE_NAME=\"\" -DPACKAGE_TARNAME=\"\" -DPACKAGE_VERSION=\"\" -DPACKAGE_STRING=\"\" -DPACKAGE_BUGREPORT=\"\" -DPACKAGE_URL=\"\" -DSTDC_HEADERS=1 -DHAVE_SYS_TYPES_H=1 -DHAVE_SYS_STAT_H=1 -DHAVE_STDLIB_H=1 -DHAVE_STRING_H=1 -DHAVE_MEMORY_H=1 -DHAVE_STRINGS_H=1 -DHAVE_INTTYPES_H=1 -DHAVE_STDINT_H=1 -DHAVE_UNISTD_H=1 -DHAVE_DIRENT_H=1 -DSTDC_HEADERS=1 -DHAVE_SYS_WAIT_H=1 -DHAVE_FCNTL_H=1 -DHAVE_STDLIB_H=1 -DHAVE_STRING_H=1 -DHAVE_SYS_IOCTL_H=1 -DHAVE_SYS_TIME_H=1 -DHAVE_TERMIO_H=1 -DHAVE_TERMIOS_H=1 -DHAVE_UNISTD_H=1 -DHAVE__BOOL=1 -DHAVE_STDBOOL_H=1 -DCLOSEDIR_VOID=1 -DHAVE_VFORK=1 -DHAVE_WORKING_VFORK=1 -DHAVE_STAT_EMPTY_STRING_BUG=1 -DHAVE_VPRINTF=1 -DHAVE_BZERO=1 -DHAVE_DUP2=1 -DHAVE_GETCWD=1 -DHAVE_MEMMOVE=1 -DHAVE_MEMSET=1 -DHAVE_PUTENV=1 -DHAVE_STRCHR=1 -DHAVE_STRDUP=1 -DHAVE_STRERROR=1 -DHAVE_STRSTR=1 -DHAVE_MINIGUI_COMMON_H=1 -DHAVE_DECL__MGRM_PROCESSES=0'
DEPDIR='.deps'
ECHO='echo'
ECHO_C=''
ECHO_N='-n'
ECHO_T=''
EGREP='/bin/grep -E'
EXEEXT=''
GREP='/bin/grep'
INSTALL_DATA='${INSTALL} -m 644'
INSTALL_PROGRAM='${INSTALL}'
INSTALL_SCRIPT='${INSTALL}'
INSTALL_STRIP_PROGRAM='$(install_sh) -c -s'
LDFLAGS='-L/usr/local/minigui/cross/arm/cortex-m3/lib'
LIBOBJS=' ${LIBOBJDIR}lstat$U.o ${LIBOBJDIR}stat$U.o'
LIBS='-L /usr/local/minigui/cross/arm/cortex-m3/lib/libminigui_ths.a /usr/local/minigui/cross/arm/cortex-m3/lib/libpng.a /usr/local/minigui/cross/arm/cortex-m3/lib/libz.a /usr/local/minigui/cross/arm/cortex-m3/lib/libjpeg.a'
LIBTOOL='$(SHELL) $(top_builddir)/libtool'
LIB_SUFFIX=''
LN_S='ln -s'
LTLIBOBJS=' ${LIBOBJDIR}lstat$U.lo ${LIBOBJDIR}stat$U.lo'
LT_AGE='0'
LT_CURRENT='4'
LT_RELEASE='1.0'
LT_REVISION='0'
MAKEINFO='${SHELL} /home/hujiafu/minigui/libmgutils-1.0.4_for_uclinux/libmgutils-1.0.4/missing --run makeinfo'
MGRM_PROCESSES_FALSE=''
MGRM_PROCESSES_TRUE='#'
MGUTILS_BINARY_AGE='0'
MGUTILS_INTERFACE_AGE='0'
MGUTILS_MAJOR_VERSION='1'
MGUTILS_MICRO_VERSION='4'
MGUTILS_MINOR_VERSION='0'
MGUTILS_NOSUFFIX_FALSE='#'
MGUTILS_NOSUFFIX_TRUE=''
MGUTILS_VERSION='1.0.4'
MINIGUI_CFLAGS='-I/usr/local/minigui/cross/arm/cortex-m3/include/minigui'
MINIGUI_LIBS='-L/usr/local/minigui/cross/arm/cortex-m3/lib'
MKDIR_P='/bin/mkdir -p'
OBJEXT='o'
PACKAGE='libmgutils'
PACKAGE_BUGREPORT=''
PACKAGE_NAME=''
PACKAGE_STRING=''
PACKAGE_TARNAME=''
PACKAGE_URL=''
PACKAGE_VERSION=''
PATH_SEPARATOR=':'
PC_CFLAGS=''
PC_LIBS='-lmgutils'
PKG_CONFIG='/usr/bin/pkg-config'
PKG_CONFIG_LIBDIR=''
PKG_CONFIG_PATH=''
RANLIB='arm-linux-ranlib'
SET_MAKE=''
SHELL='/bin/bash'
STRIP='arm-linux-strip'
VERSION='1.0.4'
ac_ct_CC=''
am__EXEEXT_FALSE=''
am__EXEEXT_TRUE='#'
am__fastdepCC_FALSE='#'
am__fastdepCC_TRUE=''
am__include='include'
am__isrc=''
am__leading_dot='.'
am__nodep='_no'
am__quote=''
am__tar='$${TAR-tar} chof - "$$tardir"'
am__untar='$${TAR-tar} xf -'
bindir='${exec_prefix}/bin'
build='i686-pc-linux-gnu'
build_alias='i686-linux'
build_cpu='i686'
build_os='linux-gnu'
build_vendor='pc'
datadir='${datarootdir}'
datarootdir='${prefix}/share'
docdir='${datarootdir}/doc/${PACKAGE}'
dvidir='${docdir}'
exec_prefix='${prefix}'
host='arm-unknown-linux-gnu'
host_alias='arm-linux'
host_cpu='arm'
host_os='linux-gnu'
host_vendor='unknown'
htmldir='${docdir}'
includedir='${prefix}/include'
infodir='${datarootdir}/info'
install_sh='${SHELL} /home/hujiafu/minigui/libmgutils-1.0.4_for_uclinux/libmgutils-1.0.4/install-sh'
libdir='${exec_prefix}/lib'
libexecdir='${exec_prefix}/libexec'
localedir='${datarootdir}/locale'
localstatedir='${prefix}/var'
mandir='${datarootdir}/man'
mkdir_p='/bin/mkdir -p'
oldincludedir='/usr/include'
pdfdir='${docdir}'
prefix='/usr/local/minigui/cross/arm/cortex-m3'
program_transform_name='s&^&arm-linux-&'
psdir='${docdir}'
sbindir='${exec_prefix}/sbin'
sharedstatedir='${prefix}/com'
sysconfdir='${prefix}/etc'
target='arm-unknown-linux-gnu'
target_alias='arm-linux'
target_cpu='arm'
target_os='linux-gnu'
target_vendor='unknown'

## ----------- ##
## confdefs.h. ##
## ----------- ##

/* confdefs.h */
#define PACKAGE_NAME ""
#define PACKAGE_TARNAME ""
#define PACKAGE_VERSION ""
#define PACKAGE_STRING ""
#define PACKAGE_BUGREPORT ""
#define PACKAGE_URL ""
#define STDC_HEADERS 1
#define HAVE_SYS_TYPES_H 1
#define HAVE_SYS_STAT_H 1
#define HAVE_STDLIB_H 1
#define HAVE_STRING_H 1
#define HAVE_MEMORY_H 1
#define HAVE_STRINGS_H 1
#define HAVE_INTTYPES_H 1
#define HAVE_STDINT_H 1
#define HAVE_UNISTD_H 1
#define HAVE_DIRENT_H 1
#define STDC_HEADERS 1
#define HAVE_SYS_WAIT_H 1
#define HAVE_FCNTL_H 1
#define HAVE_STDLIB_H 1
#define HAVE_STRING_H 1
#define HAVE_SYS_IOCTL_H 1
#define HAVE_SYS_TIME_H 1
#define HAVE_TERMIO_H 1
#define HAVE_TERMIOS_H 1
#define HAVE_UNISTD_H 1
#define HAVE__BOOL 1
#define HAVE_STDBOOL_H 1
#define CLOSEDIR_VOID 1
#define HAVE_VFORK 1
#define HAVE_WORKING_VFORK 1
#define HAVE_STAT_EMPTY_STRING_BUG 1
#define HAVE_VPRINTF 1
#define HAVE_BZERO 1
#define HAVE_DUP2 1
#define HAVE_GETCWD 1
#define HAVE_MEMMOVE 1
#define HAVE_MEMSET 1
#define HAVE_PUTENV 1
#define HAVE_STRCHR 1
#define HAVE_STRDUP 1
#define HAVE_STRERROR 1
#define HAVE_STRSTR 1
#define HAVE_MINIGUI_COMMON_H 1
#define HAVE_DECL__MGRM_PROCESSES 0

configure: exit 0

## ---------------------- ##
## Running config.status. ##
## ---------------------- ##

This file was extended by config.status, which was
generated by GNU Autoconf 2.68.  Invocation command line was

  CONFIG_FILES    = 
  CONFIG_HEADERS  = 
  CONFIG_LINKS    = 
  CONFIG_COMMANDS = 
  $ ./config.status 

on hujiafu-virtual-machine

config.status:848: creating mgutils.pc
config.status:848: creating Makefile
config.status:848: creating include/Makefile
config.status:848: creating cmake/Makefile
config.status:848: creating src/Makefile
config.status:848: creating src/mywins/Makefile
config.status:848: creating src/vcongui/Makefile
config.status:848: creating src/skin/Makefile
config.status:848: creating src/templates/Makefile
config.status:848: creating samples/Makefile
config.status:848: creating samples/mginit/Makefile
config.status:848: creating samples/mginit/res/Makefile
config.status:848: creating samples/templates/Makefile
config.status:848: creating samples/mywins/Makefile
config.status:848: creating samples/skin/Makefile
config.status:848: creating samples/notebook/Makefile
config.status:848: creating samples/notebook/res/Makefile
config.status:848: creating samples/painter/Makefile
config.status:848: creating samples/picview/Makefile
config.status:848: creating samples/picview/res/Makefile
config.status:848: creating samples/vcongui/Makefile
config.status:848: creating m4/Makefile
config.status:1020: executing depfiles commands
